z:\vscode\duniya\duniya\duniya\x64\debug\vc143.pdb
z:\vscode\duniya\duniya\duniya\x64\debug\vc143.idb
z:\vscode\duniya\duniya\duniya\x64\debug\main.obj
z:\vscode\duniya\duniya\duniya\x64\debug\glad.obj
z:\vscode\duniya\duniya\duniya\x64\debug\duniya.ilk
z:\vscode\duniya\duniya\x64\debug\duniya.pdb
z:\vscode\duniya\duniya\duniya\x64\debug\duniya.tlog\cl.command.1.tlog
z:\vscode\duniya\duniya\duniya\x64\debug\duniya.tlog\cl.items.tlog
z:\vscode\duniya\duniya\duniya\x64\debug\duniya.tlog\cl.read.1.tlog
z:\vscode\duniya\duniya\duniya\x64\debug\duniya.tlog\cl.write.1.tlog
z:\vscode\duniya\duniya\duniya\x64\debug\duniya.tlog\link-cvtres.read.1.tlog
z:\vscode\duniya\duniya\duniya\x64\debug\duniya.tlog\link-cvtres.write.1.tlog
z:\vscode\duniya\duniya\duniya\x64\debug\duniya.tlog\link-rc.read.1.tlog
z:\vscode\duniya\duniya\duniya\x64\debug\duniya.tlog\link-rc.write.1.tlog
z:\vscode\duniya\duniya\duniya\x64\debug\duniya.tlog\link.18428-cvtres.read.1.tlog
z:\vscode\duniya\duniya\duniya\x64\debug\duniya.tlog\link.18428-cvtres.write.1.tlog
z:\vscode\duniya\duniya\duniya\x64\debug\duniya.tlog\link.18428-rc.read.1.tlog
z:\vscode\duniya\duniya\duniya\x64\debug\duniya.tlog\link.18428-rc.write.1.tlog
z:\vscode\duniya\duniya\duniya\x64\debug\duniya.tlog\link.18428.read.1.tlog
z:\vscode\duniya\duniya\duniya\x64\debug\duniya.tlog\link.18428.read.2.tlog
z:\vscode\duniya\duniya\duniya\x64\debug\duniya.tlog\link.18428.write.1.tlog
z:\vscode\duniya\duniya\duniya\x64\debug\duniya.tlog\link.command.1.tlog
z:\vscode\duniya\duniya\duniya\x64\debug\duniya.tlog\link.read.1.tlog
z:\vscode\duniya\duniya\duniya\x64\debug\duniya.tlog\link.read.2.tlog
z:\vscode\duniya\duniya\duniya\x64\debug\duniya.tlog\link.secondary.1.tlog
z:\vscode\duniya\duniya\duniya\x64\debug\duniya.tlog\link.write.1.tlog
